[
    {
        "attributes": {
            "created_at": "1627707908",
            "mercedesisai": "EngineerReinger",
            "noblerosanna": "AnalystGleichner"
        },
        "events": {
            "navigatelawngreen": 2,
            "quantifyazure": 4,
            "synthesizepalegreen": 5,
            "indexlightblue": 1,
            "backupdarksalmon": 6,
            "programcornflowerblue": 3
        },
        "id": 12,
        "last_updated": 1629954308
    },
    {
        "attributes": {
            "city": "West Runte",
            "last_name": "Mayer",
            "vauxhallmargret": "AnalystHills"
        },
        "events": {
            "calculatemediumturquoise": 4,
            "transmitivory": 5,
            "backupwheat": 3,
            "connectlinen": 7,
            "connectmediumturquoise": 8,
            "parsefirebrick": 6
        },
        "id": 20,
        "last_updated": 1629954308
    },
    {
        "attributes": {
            "created_at": "1619067908",
            "ip": "148.99.237.230"
        },
        "events": {
            "transmitmaroon": 6,
            "parsedarkgoldenrod": 9,
            "backupcyan": 4,
            "compresslightgoldenrodyellow": 2,
            "hackolive": 4,
            "backupcoral": 5
        },
        "id": 15,
        "last_updated": 1629954308
    },
    {
        "attributes": {
            "email": "randyflatley@breitenberg.info",
            "fordalisa": "AssistantJohns",
            "nissanzack": "PlannerCorwin"
        },
        "events": {
            "transmitlightsalmon": 4,
            "bypasslawngreen": 6,
            "indexolive": 2,
            "compresslimegreen": 3,
            "indexdarkcyan": 4,
            "connectmediumorchid": 5
        },
        "id": 13,
        "last_updated": 1629954308
    },
    {
        "attributes": {
            "city": "South Wuckert",
            "jaguaranjali": "AnalystCummings"
        },
        "events": {
            "compressgold": 6,
            "copyyellow": 9,
            "synthesizemediumpurple": 4,
            "compressmediumblue": 1,
            "rebootdeepskyblue": 6,
            "quantifydarkgoldenrod": 6
        },
        "id": 10,
        "last_updated": 1629954308
    },
    {
        "attributes": {
            "city": "Hirthestad",
            "email": "santosstroman@kulas.net",
            "last_name": "Corwin"
        },
        "events": {
            "connectaquamarine": 3,
            "hackoldlace": 5,
            "generatebeige": 6,
            "rebootsandybrown": 9,
            "backupivory": 4,
            "synthesizepalegoldenrod": 9
        },
        "id": 8,
        "last_updated": 1629954308
    },
    {
        "attributes": {
            "ip": "59.7.140.50",
            "teslamyrtis": "AssociateHauck"
        },
        "events": {
            "hacklightpink": 1,
            "copydarkkhaki": 4,
            "compressdarkturquoise": 4,
            "navigatesnow": 5,
            "generatelawngreen": 4,
            "rebootmediumseagreen": 3
        },
        "id": 3,
        "last_updated": 1629954308
    },
    {
        "attributes": {
            "farboudmarcus": "AdministratorVonRueden",
            "first_name": "Deonte",
            "ip": "231.130.49.149"
        },
        "events": {
            "parsecoral": 7,
            "rebootdodgerblue": 6,
            "connectwheat": 9,
            "programmediumseagreen": 5,
            "hackseashell": 2,
            "programmintcream": 1
        },
        "id": 4,
        "last_updated": 1629954308
    },
    {
        "attributes": {
            "alfa romeoceasar": "AnalystFunk",
            "audiharmony": "CoordinatorRau",
            "bmwbriana": "SpecialistBrown"
        },
        "events": {
            "rebootlavenderblush": 5,
            "compressdarkgoldenrod": 5,
            "generatechartreuse": 1,
            "copydeeppink": 5,
            "programaquamarine": 4,
            "indexlime": 5
        },
        "id": 7,
        "last_updated": 1629954308
    },
    {
        "attributes": {
            "created_at": "1623387908",
            "email": "maeveschowalter@murazik.info",
            "ip": "140.28.113.213"
        },
        "events": {
            "compressdimgrey": 5,
            "copyblue": 4,
            "bypassblanchedalmond": 4,
            "quantifylightsteelblue": 6,
            "overridebeige": 3,
            "generatewheat": 3
        },
        "id": 2,
        "last_updated": 1629954308
    },
    {
        "attributes": {
            "first_name": "Abagail",
            "hummerelyssa": "RepresentativeVeum"
        },
        "events": {
            "navigatespringgreen": 6,
            "rebootlightskyblue": 3,
            "synthesizedarkorchid": 6,
            "overridelightsalmon": 3,
            "calculatepalegreen": 6,
            "programghostwhite": 4
        },
        "id": 18,
        "last_updated": 1629954308
    },
    {
        "attributes": {
            "city": "South Feeney",
            "de loreanwarren": "CoordinatorLehner",
            "email": "adolfokuphal@marvin.name"
        },
        "events": {
            "synthesizelimegreen": 10,
            "programdarkgray": 7,
            "synthesizechocolate": 3,
            "generatepalegoldenrod": 6,
            "generateorchid": 3,
            "calculatealiceblue": 3
        },
        "id": 9,
        "last_updated": 1629954308
    },
    {
        "attributes": {
            "created_at": "1616130308",
            "ip": "156.212.219.183"
        },
        "events": {
            "overridedarkorchid": 3,
            "connectdodgerblue": 7,
            "compressblanchedalmond": 4,
            "synthesizedarkturquoise": 6,
            "transmitpalegreen": 4,
            "synthesizedarkviolet": 4
        },
        "id": 16,
        "last_updated": 1629954308
    },
    {
        "attributes": {
            "ip": "200.33.140.143",
            "suzukijusten": "OfficerDurgan"
        },
        "events": {
            "transmitchocolate": 3,
            "overridelightsalmon": 4,
            "calculatecyan": 2,
            "programdodgerblue": 6,
            "navigatespringgreen": 6,
            "copycyan": 4
        },
        "id": 14,
        "last_updated": 1629954308
    },
    {
        "attributes": {
            "email": "jeremysanford@sporer.io",
            "ip": "25.26.100.23",
            "jeepbrendon": "LiaisonWest"
        },
        "events": {
            "synthesizecornflowerblue": 4,
            "indexlavenderblush": 5,
            "calculateoldlace": 6,
            "rebootlightseagreen": 5,
            "rebootlightcyan": 3,
            "quantifylavender": 4
        },
        "id": 19,
        "last_updated": 1629954308
    },
    {
        "attributes": {
            "city": "East Macejkovic",
            "volkswagenissac": "EngineerCassin"
        },
        "events": {
            "quantifylightyellow": 3,
            "compressyellowgreen": 5,
            "indexblue": 4,
            "connectaliceblue": 2,
            "indexseashell": 2,
            "inputindigo": 2
        },
        "id": 17,
        "last_updated": 1629954308
    },
    {
        "attributes": {
            "city": "New Fahey",
            "de loreandella": "AnalystDibbert",
            "first_name": "Gilbert"
        },
        "events": {
            "backupviolet": 4,
            "calculatepalegreen": 1,
            "backuphoneydew": 1,
            "inputdimgrey": 3,
            "generatewhitesmoke": 6,
            "calculatemediumspringgreen": 3
        },
        "id": 6,
        "last_updated": 1629954308
    },
    {
        "attributes": {
            "created_at": "1603602308",
            "email": "torreyullrich@hoeger.info",
            "ip": "114.176.9.202"
        },
        "events": {
            "bypasslightcoral": 3,
            "inputfloralwhite": 7,
            "synthesizesaddlebrown": 4,
            "copylawngreen": 4,
            "synthesizelawngreen": 3,
            "quantifysienna": 4
        },
        "id": 1,
        "last_updated": 1629954308
    },
    {
        "attributes": {
            "created_at": "1605243908",
            "lamborghinihermann": "ProducerBreitenberg",
            "skodaelyssa": "ConsultantKub"
        },
        "events": {
            "rebootsandybrown": 4,
            "copybeige": 5,
            "calculatesnow": 1,
            "quantifylightyellow": 4,
            "rebootdarkgoldenrod": 2,
            "navigatecyan": 3
        },
        "id": 11,
        "last_updated": 1629954308
    },
    {
        "attributes": {
            "city": "West Hirthe",
            "suzukijeramie": "ProducerCassin"
        },
        "events": {
            "backupivory": 5,
            "transmitteal": 1,
            "inputtan": 6,
            "copyplum": 2,
            "bypassdarkcyan": 7,
            "inputforestgreen": 8
        },
        "id": 5,
        "last_updated": 1629954308
    }
]